[LOG] System::create                           : Header version = 1.10.05. Current version = 1.10.05.
[LOG] Manager::init                            : maxchannels = 256 studioflags = 00000006 flags 00000000 extradriverdata 0000000000000000.
[LOG] SystemI::init                            : Initialize version=11005 (94661), maxchannels=256, flags=0x00020000
[LOG] SystemI::setOutputInternal               : Setting output to 'FMOD WASAPI Output'
[LOG] OutputWASAPI::init                       : Mix Format (WAVEFORMATEX): wFormatTag=0xFFFE, nChannels=2, nSamplesPerSec=48000, nAvgBytesPerSec=384000, nBlockAlign=8, wBitsPerSample=32, cbSize=22.
[LOG] OutputWASAPI::init                       : Mix Format (WAVEFORMATEXTENSIBLE): wValidBitsPerSample=32, dwChannelMask=0x00000003, SubFormat=00000003-0000-0010-8000-00AA00389B71.
[LOG] OutputWASAPI::init                       : Output buffer size: 4096 samples, latency: 0.00ms, period: 10.00ms, DSP buffer: 1024 * 4
[LOG] Thread::initThread                       : Init FMOD stream thread. Priority: 2, Stack Size: 65536, Semaphore: No, Sleep Time: 10, Looping: Yes.
[LOG] Thread::initThread                       : Init FMOD mixer thread. Priority: 3, Stack Size: 49152, Semaphore: No, Sleep Time: 0, Looping: Yes.
[LOG] AsyncManager::init                       : manager 000000001072D5E8 isAsync 0 updatePeriod 0.02
[LOG] AsyncManager::init                       : done
[LOG] PlaybackSystem::init                     : 
[LOG] Thread::initThread                       : Init FMOD Studio sample load thread. Priority: 0, Stack Size: 65536, Semaphore: No, Sleep Time: 1, Looping: No.
[LOG] PlaybackSystem::init                     : done
[LOG] Thread::initThread                       : Init FMOD Studio bank load thread. Priority: 0, Stack Size: 65536, Semaphore: No, Sleep Time: 1, Looping: No.
[LOG] Manager::init                            : done.
[LOG] Manager::readBank                        : fileversion = 100, compatVersion = 99 (oldest = 44, newest = 100)
[LOG] Manager::readBank                        : fileversion = 100, compatVersion = 99 (oldest = 44, newest = 100)
[LOG] Thread::initThread                       : Init FMOD profiler thread (recv). Priority: 0, Stack Size: 131072, Semaphore: No, Sleep Time: 0, Looping: No.
[LOG] Thread::initThread                       : Init FMOD profiler thread (send). Priority: 0, Stack Size: 131072, Semaphore: No, Sleep Time: 0, Looping: No.
[LOG] LiveUpdate::clientConnected              : client = 000000001074EB18
[LOG] LiveUpdate::readPacket                   : Accepting init message for client 000000001074EB18
[LOG] LiveUpdate::transitionToConnected        : 
[LOG] Manager::sendConnectTimeHash             : 
[LOG] LiveUpdate::sendBankHash                 : 
[LOG] LiveUpdate::sendBankHash                 : 
[LOG] LiveUpdate::sendBankHash                 : 
[LOG] LiveUpdate::acceptInitPacket             : Client 000000001074EB18 connected, entering connected state
[LOG] Manager::readBank                        : fileversion = 100, compatVersion = 99 (oldest = 44, newest = 100)
[LOG] Manager::readBank                        : fileversion = 100, compatVersion = 99 (oldest = 44, newest = 100)
[LOG] SystemI::createSound                     : filename = Assets\Audio\Desktop/Master Bank.bank : mode 02010082
[LOG] SystemI::createSound                     : FMOD_NONBLOCKING specified.  Putting into queue to be opened asynchronously!
[LOG] SystemI::createSound                     : setdata soundi = 0000000040FAB038 : node = 0000000020FA5880
[LOG] SystemI::createSound                     : add node to async list : head = 0000000057237F88.  list count = 0
[LOG] AsyncThread::threadFunc                  : Starting Asynchronous operation on sound 0000000040FAB038
[LOG] SystemI::createSoundInternal             :     Create name='Assets\Audio\Desktop/Master Bank.bank', mode=0x02010082
[LOG] SystemI::createSoundInternal             :     exinfo->cbsize             = 232
[LOG] SystemI::createSoundInternal             :     exinfo->length             = 5262112
[LOG] SystemI::createSoundInternal             :     exinfo->fileoffset         = 42048
[LOG] SystemI::createSoundInternal             :     exinfo->numsubsounds       = 1
[LOG] SystemI::createSoundInternal             :     exinfo->inclusionlist      = 0000000020FA5998
[LOG] SystemI::createSoundInternal             :     exinfo->inclusionlistnum   = 1
[LOG] SystemI::createSoundInternal             :     exinfo->suggestedsoundtype = 5
[LOG] SystemI::createSoundInternal             :     exinfo->initialseekpostype = 1
[LOG] SystemI::createSoundInternal             :     Stream 0/1: name='snoring_loop', format=2, channels=2, frequency=48000, lengthbytes=244768, lengthpcm=912000, pcmblocksize=0, loopstart=0, loopend=0, mode=0x00000000, channelmask=0x00000000, channelorder=0, peakvolume=0.597341.
[LOG] AsyncThread::threadFunc                  : Finished Asynchronous operation on sound 0000000040FAB038
[LOG] SoundI::getSubSound                      : sound 0000000040FAB038.  Subsound index 0 / 1
[LOG] SoundI::release                          : snoring_loop (0000000040FAAB28)
[LOG] SoundI::release                          :     snoring_loop (0000000057237AF8)
[LOG] SoundI::release                          :     snoring_loop (0000000040FAA108)
[LOG] Manager::readBank                        : fileversion = 100, compatVersion = 99 (oldest = 44, newest = 100)
[LOG] Manager::readBank                        : fileversion = 100, compatVersion = 99 (oldest = 44, newest = 100)
[LOG] Manager::receiveLiveUpdateBank           : Received live update bank path: fmod:///remote/C:/Users/Dave/AppData/Local/FMOD Studio/UnsavedProjects/Hotswap-MTjUdX/hotswap_0.bank
[LOG] ProfileRemoteFile::fileOpen              : Attemping to open remote file 'C:/Users/Dave/AppData/Local/FMOD Studio/UnsavedProjects/Hotswap-MTjUdX/hotswap_0.bank'
[LOG] Manager::readBank                        : fileversion = 100, compatVersion = 99 (oldest = 44, newest = 100)
[LOG] Manager::receiveLiveUpdateBank           : Received live update bank path: fmod:///remote/C:/Users/Dave/AppData/Local/FMOD Studio/UnsavedProjects/Hotswap-MTjUdX/hotswap_1.bank
[LOG] ProfileRemoteFile::fileOpen              : Attemping to open remote file 'C:/Users/Dave/AppData/Local/FMOD Studio/UnsavedProjects/Hotswap-MTjUdX/hotswap_1.bank'
[LOG] Manager::readBank                        : fileversion = 100, compatVersion = 99 (oldest = 44, newest = 100)
[LOG] Manager::receiveLiveUpdateBank           : Received live update bank path: fmod:///remote/C:/Users/Dave/AppData/Local/FMOD Studio/UnsavedProjects/Hotswap-MTjUdX/hotswap_2.bank
[LOG] ProfileRemoteFile::fileOpen              : Attemping to open remote file 'C:/Users/Dave/AppData/Local/FMOD Studio/UnsavedProjects/Hotswap-MTjUdX/hotswap_2.bank'
[LOG] Manager::readBank                        : fileversion = 100, compatVersion = 99 (oldest = 44, newest = 100)
[LOG] Manager::receiveLiveUpdateBank           : Received live update bank path: fmod:///remote/C:/Users/Dave/AppData/Local/FMOD Studio/UnsavedProjects/Hotswap-MTjUdX/hotswap_3.bank
[LOG] ProfileRemoteFile::fileOpen              : Attemping to open remote file 'C:/Users/Dave/AppData/Local/FMOD Studio/UnsavedProjects/Hotswap-MTjUdX/hotswap_3.bank'
[LOG] Manager::readBank                        : fileversion = 100, compatVersion = 99 (oldest = 44, newest = 100)
[LOG] Manager::receiveLiveUpdateBank           : Received live update bank path: fmod:///remote/C:/Users/Dave/AppData/Local/FMOD Studio/UnsavedProjects/Hotswap-MTjUdX/hotswap_4.bank
[LOG] ProfileRemoteFile::fileOpen              : Attemping to open remote file 'C:/Users/Dave/AppData/Local/FMOD Studio/UnsavedProjects/Hotswap-MTjUdX/hotswap_4.bank'
[LOG] Manager::readBank                        : fileversion = 100, compatVersion = 99 (oldest = 44, newest = 100)
[LOG] Manager::receiveLiveUpdateBank           : Received live update bank path: fmod:///remote/C:/Users/Dave/AppData/Local/FMOD Studio/UnsavedProjects/Hotswap-MTjUdX/hotswap_5.bank
[LOG] ProfileRemoteFile::fileOpen              : Attemping to open remote file 'C:/Users/Dave/AppData/Local/FMOD Studio/UnsavedProjects/Hotswap-MTjUdX/hotswap_5.bank'
[LOG] Manager::readBank                        : fileversion = 100, compatVersion = 99 (oldest = 44, newest = 100)
[LOG] Manager::receiveLiveUpdateBank           : Received live update bank path: fmod:///remote/C:/Users/Dave/AppData/Local/FMOD Studio/UnsavedProjects/Hotswap-MTjUdX/hotswap_6.bank
[LOG] ProfileRemoteFile::fileOpen              : Attemping to open remote file 'C:/Users/Dave/AppData/Local/FMOD Studio/UnsavedProjects/Hotswap-MTjUdX/hotswap_6.bank'
[LOG] Manager::readBank                        : fileversion = 100, compatVersion = 99 (oldest = 44, newest = 100)
[LOG] Manager::receiveLiveUpdateBank           : Received live update bank path: fmod:///remote/C:/Users/Dave/AppData/Local/FMOD Studio/UnsavedProjects/Hotswap-MTjUdX/hotswap_7.bank
[LOG] ProfileRemoteFile::fileOpen              : Attemping to open remote file 'C:/Users/Dave/AppData/Local/FMOD Studio/UnsavedProjects/Hotswap-MTjUdX/hotswap_7.bank'
[LOG] Manager::readBank                        : fileversion = 100, compatVersion = 99 (oldest = 44, newest = 100)
[LOG] Manager::receiveLiveUpdateBank           : Received live update bank path: fmod:///remote/C:/Users/Dave/AppData/Local/FMOD Studio/UnsavedProjects/Hotswap-MTjUdX/hotswap_8.bank
[LOG] ProfileRemoteFile::fileOpen              : Attemping to open remote file 'C:/Users/Dave/AppData/Local/FMOD Studio/UnsavedProjects/Hotswap-MTjUdX/hotswap_8.bank'
[LOG] Manager::readBank                        : fileversion = 100, compatVersion = 99 (oldest = 44, newest = 100)
[LOG] Manager::readBank                        : fileversion = 100, compatVersion = 99 (oldest = 44, newest = 100)
[LOG] Manager::receiveLiveUpdateBank           : Received live update bank path: fmod:///remote/C:/Users/Dave/AppData/Local/FMOD Studio/UnsavedProjects/Hotswap-MTjUdX/hotswap_9.bank
[LOG] ProfileRemoteFile::fileOpen              : Attemping to open remote file 'C:/Users/Dave/AppData/Local/FMOD Studio/UnsavedProjects/Hotswap-MTjUdX/hotswap_9.bank'
[LOG] Manager::readBank                        : fileversion = 100, compatVersion = 99 (oldest = 44, newest = 100)
[LOG] Manager::receiveLiveUpdateBank           : Received live update bank path: fmod:///remote/C:/Users/Dave/AppData/Local/FMOD Studio/UnsavedProjects/Hotswap-MTjUdX/hotswap_10.bank
[LOG] ProfileRemoteFile::fileOpen              : Attemping to open remote file 'C:/Users/Dave/AppData/Local/FMOD Studio/UnsavedProjects/Hotswap-MTjUdX/hotswap_10.bank'
[LOG] Manager::readBank                        : fileversion = 100, compatVersion = 99 (oldest = 44, newest = 100)
[LOG] Manager::receiveLiveUpdateBank           : Received live update bank path: fmod:///remote/C:/Users/Dave/AppData/Local/FMOD Studio/UnsavedProjects/Hotswap-MTjUdX/hotswap_11.bank
[LOG] ProfileRemoteFile::fileOpen              : Attemping to open remote file 'C:/Users/Dave/AppData/Local/FMOD Studio/UnsavedProjects/Hotswap-MTjUdX/hotswap_11.bank'
[LOG] Manager::readBank                        : fileversion = 100, compatVersion = 99 (oldest = 44, newest = 100)
[LOG] Manager::receiveLiveUpdateBank           : Received live update bank path: fmod:///remote/C:/Users/Dave/AppData/Local/FMOD Studio/UnsavedProjects/Hotswap-MTjUdX/hotswap_12.bank
[LOG] ProfileRemoteFile::fileOpen              : Attemping to open remote file 'C:/Users/Dave/AppData/Local/FMOD Studio/UnsavedProjects/Hotswap-MTjUdX/hotswap_12.bank'
[LOG] Manager::readBank                        : fileversion = 100, compatVersion = 99 (oldest = 44, newest = 100)
[LOG] Manager::receiveLiveUpdateBank           : Received live update bank path: fmod:///remote/C:/Users/Dave/AppData/Local/FMOD Studio/UnsavedProjects/Hotswap-MTjUdX/hotswap_13.bank
[LOG] ProfileRemoteFile::fileOpen              : Attemping to open remote file 'C:/Users/Dave/AppData/Local/FMOD Studio/UnsavedProjects/Hotswap-MTjUdX/hotswap_13.bank'
[LOG] Manager::readBank                        : fileversion = 100, compatVersion = 99 (oldest = 44, newest = 100)
[LOG] Manager::receiveLiveUpdateBank           : Received live update bank path: fmod:///remote/C:/Users/Dave/AppData/Local/FMOD Studio/UnsavedProjects/Hotswap-MTjUdX/hotswap_14.bank
[LOG] ProfileRemoteFile::fileOpen              : Attemping to open remote file 'C:/Users/Dave/AppData/Local/FMOD Studio/UnsavedProjects/Hotswap-MTjUdX/hotswap_14.bank'
[LOG] Manager::readBank                        : fileversion = 100, compatVersion = 99 (oldest = 44, newest = 100)
[LOG] Manager::receiveLiveUpdateBank           : Received live update bank path: fmod:///remote/C:/Users/Dave/AppData/Local/FMOD Studio/UnsavedProjects/Hotswap-MTjUdX/hotswap_15.bank
[LOG] ProfileRemoteFile::fileOpen              : Attemping to open remote file 'C:/Users/Dave/AppData/Local/FMOD Studio/UnsavedProjects/Hotswap-MTjUdX/hotswap_15.bank'
[LOG] Manager::readBank                        : fileversion = 100, compatVersion = 99 (oldest = 44, newest = 100)
[LOG] Manager::receiveLiveUpdateBank           : Received live update bank path: fmod:///remote/C:/Users/Dave/AppData/Local/FMOD Studio/UnsavedProjects/Hotswap-MTjUdX/hotswap_16.bank
[LOG] ProfileRemoteFile::fileOpen              : Attemping to open remote file 'C:/Users/Dave/AppData/Local/FMOD Studio/UnsavedProjects/Hotswap-MTjUdX/hotswap_16.bank'
[LOG] Manager::readBank                        : fileversion = 100, compatVersion = 99 (oldest = 44, newest = 100)
[LOG] Manager::receiveLiveUpdateBank           : Received live update bank path: fmod:///remote/C:/Users/Dave/AppData/Local/FMOD Studio/UnsavedProjects/Hotswap-MTjUdX/hotswap_17.bank
[LOG] ProfileRemoteFile::fileOpen              : Attemping to open remote file 'C:/Users/Dave/AppData/Local/FMOD Studio/UnsavedProjects/Hotswap-MTjUdX/hotswap_17.bank'
[LOG] Manager::readBank                        : fileversion = 100, compatVersion = 99 (oldest = 44, newest = 100)
[LOG] Manager::readBank                        : fileversion = 100, compatVersion = 99 (oldest = 44, newest = 100)
[LOG] SystemI::createSound                     : filename = Assets\Audio\Desktop/Master Bank.bank : mode 02010082
[LOG] SystemI::createSound                     : FMOD_NONBLOCKING specified.  Putting into queue to be opened asynchronously!
[LOG] SystemI::createSound                     : setdata soundi = 0000000040FA9F58 : node = 0000000020FA5490
[LOG] SystemI::createSound                     : add node to async list : head = 0000000057237F88.  list count = 0
[LOG] AsyncThread::threadFunc                  : Starting Asynchronous operation on sound 0000000040FA9F58
[LOG] SystemI::createSoundInternal             :     Create name='Assets\Audio\Desktop/Master Bank.bank', mode=0x02010082
[LOG] SystemI::createSoundInternal             :     exinfo->cbsize             = 232
[LOG] SystemI::createSoundInternal             :     exinfo->length             = 5262112
[LOG] SystemI::createSoundInternal             :     exinfo->fileoffset         = 42048
[LOG] SystemI::createSoundInternal             :     exinfo->numsubsounds       = 1
[LOG] SystemI::createSoundInternal             :     exinfo->inclusionlist      = 0000000020FA55A8
[LOG] SystemI::createSoundInternal             :     exinfo->inclusionlistnum   = 1
[LOG] SystemI::createSoundInternal             :     exinfo->suggestedsoundtype = 5
[LOG] SystemI::createSoundInternal             :     exinfo->initialseekpostype = 1
[LOG] SystemI::createSoundInternal             :     Stream 0/1: name='snoring_loop', format=2, channels=2, frequency=48000, lengthbytes=244768, lengthpcm=912000, pcmblocksize=0, loopstart=0, loopend=0, mode=0x00000000, channelmask=0x00000000, channelorder=0, peakvolume=0.597341.
[LOG] AsyncThread::threadFunc                  : Finished Asynchronous operation on sound 0000000040FA9F58
[LOG] SoundI::getSubSound                      : sound 0000000040FA9F58.  Subsound index 0 / 1
[LOG] SoundI::release                          : snoring_loop (0000000040FAB038)
[LOG] SoundI::release                          :     snoring_loop (00000000576F0598)
[LOG] SoundI::release                          :     snoring_loop (0000000040FAB1E8)
[LOG] Manager::readBank                        : fileversion = 100, compatVersion = 99 (oldest = 44, newest = 100)
[LOG] SystemI::createSound                     : filename = Assets\Audio\Desktop/Master Bank.bank : mode 02010082
[LOG] SystemI::createSound                     : FMOD_NONBLOCKING specified.  Putting into queue to be opened asynchronously!
[LOG] SystemI::createSound                     : setdata soundi = 0000000040FAAB28 : node = 0000000020FA5880
[LOG] SystemI::createSound                     : add node to async list : head = 0000000057237F88.  list count = 0
[LOG] AsyncThread::threadFunc                  : Starting Asynchronous operation on sound 0000000040FAAB28
[LOG] SystemI::createSoundInternal             :     Create name='Assets\Audio\Desktop/Master Bank.bank', mode=0x02010082
[LOG] SystemI::createSoundInternal             :     exinfo->cbsize             = 232
[LOG] SystemI::createSoundInternal             :     exinfo->length             = 5262112
[LOG] SystemI::createSoundInternal             :     exinfo->fileoffset         = 42048
[LOG] SystemI::createSoundInternal             :     exinfo->numsubsounds       = 1
[LOG] SystemI::createSoundInternal             :     exinfo->inclusionlist      = 0000000020FA5998
[LOG] SystemI::createSoundInternal             :     exinfo->inclusionlistnum   = 1
[LOG] SystemI::createSoundInternal             :     exinfo->suggestedsoundtype = 5
[LOG] SystemI::createSoundInternal             :     exinfo->initialseekpostype = 1
[LOG] SystemI::createSoundInternal             :     Stream 0/1: name='OpeningNarrative', format=2, channels=1, frequency=48000, lengthbytes=736576, lengthpcm=4448200, pcmblocksize=0, loopstart=0, loopend=0, mode=0x00000000, channelmask=0x00000000, channelorder=0, peakvolume=0.216034.
[LOG] AsyncThread::threadFunc                  : Finished Asynchronous operation on sound 0000000040FAAB28
[LOG] SoundI::getSubSound                      : sound 0000000040FAAB28.  Subsound index 0 / 1
[LOG] SoundI::release                          : snoring_loop (0000000040FA9F58)
[LOG] SoundI::release                          :     snoring_loop (00000000576F0F58)
[LOG] SoundI::release                          :     snoring_loop (0000000040FA9538)
[LOG] Manager::readBank                        : fileversion = 100, compatVersion = 99 (oldest = 44, newest = 100)
[LOG] Manager::readBank                        : fileversion = 100, compatVersion = 99 (oldest = 44, newest = 100)
[LOG] SystemI::createSound                     : filename = Assets\Audio\Desktop/Master Bank.bank : mode 02010082
[LOG] SystemI::createSound                     : FMOD_NONBLOCKING specified.  Putting into queue to be opened asynchronously!
[LOG] SystemI::createSound                     : setdata soundi = 0000000040FAB038 : node = 0000000020FA4770
[LOG] SystemI::createSound                     : add node to async list : head = 0000000057237F88.  list count = 0
[LOG] AsyncThread::threadFunc                  : Starting Asynchronous operation on sound 0000000040FAB038
[LOG] SystemI::createSoundInternal             :     Create name='Assets\Audio\Desktop/Master Bank.bank', mode=0x02010082
[LOG] SystemI::createSoundInternal             :     exinfo->cbsize             = 232
[LOG] SystemI::createSoundInternal             :     exinfo->length             = 5262112
[LOG] SystemI::createSoundInternal             :     exinfo->fileoffset         = 42048
[LOG] SystemI::createSoundInternal             :     exinfo->numsubsounds       = 1
[LOG] SystemI::createSoundInternal             :     exinfo->inclusionlist      = 0000000020FA4888
[LOG] SystemI::createSoundInternal             :     exinfo->inclusionlistnum   = 1
[LOG] SystemI::createSoundInternal             :     exinfo->suggestedsoundtype = 5
[LOG] SystemI::createSoundInternal             :     exinfo->initialseekpostype = 1
[LOG] SystemI::createSoundInternal             :     Stream 0/1: name='Venturing Out_wvocals', format=2, channels=2, frequency=48000, lengthbytes=654272, lengthpcm=2560000, pcmblocksize=0, loopstart=0, loopend=0, mode=0x00000000, channelmask=0x00000000, channelorder=0, peakvolume=0.988495.
[LOG] AsyncThread::threadFunc                  : Finished Asynchronous operation on sound 0000000040FAB038
[LOG] SoundI::getSubSound                      : sound 0000000040FAB038.  Subsound index 0 / 1
[LOG] SoundI::release                          : Venturing Out_wvocals (0000000040FAAE88)
[LOG] SoundI::release                          :     Venturing Out_wvocals (0000000057238E78)
[LOG] SoundI::release                          :     Venturing Out_wvocals (0000000040FAACD8)
[LOG] Manager::receiveLiveUpdateBank           : Received live update bank path: fmod:///remote/C:/Users/Dave/AppData/Local/FMOD Studio/UnsavedProjects/Hotswap-MTjUdX/hotswap_18.bank
[LOG] ProfileRemoteFile::fileOpen              : Attemping to open remote file 'C:/Users/Dave/AppData/Local/FMOD Studio/UnsavedProjects/Hotswap-MTjUdX/hotswap_18.bank'
[LOG] Manager::readBank                        : fileversion = 100, compatVersion = 99 (oldest = 44, newest = 100)
[LOG] Manager::receiveLiveUpdateBank           : Received live update bank path: fmod:///remote/C:/Users/Dave/AppData/Local/FMOD Studio/UnsavedProjects/Hotswap-MTjUdX/hotswap_19.bank
[LOG] ProfileRemoteFile::fileOpen              : Attemping to open remote file 'C:/Users/Dave/AppData/Local/FMOD Studio/UnsavedProjects/Hotswap-MTjUdX/hotswap_19.bank'
[LOG] Manager::readBank                        : fileversion = 100, compatVersion = 99 (oldest = 44, newest = 100)
[LOG] Manager::receiveLiveUpdateBank           : Received live update bank path: fmod:///remote/C:/Users/Dave/AppData/Local/FMOD Studio/UnsavedProjects/Hotswap-MTjUdX/hotswap_20.bank
[LOG] ProfileRemoteFile::fileOpen              : Attemping to open remote file 'C:/Users/Dave/AppData/Local/FMOD Studio/UnsavedProjects/Hotswap-MTjUdX/hotswap_20.bank'
[LOG] Manager::readBank                        : fileversion = 100, compatVersion = 99 (oldest = 44, newest = 100)
[LOG] Manager::readBank                        : fileversion = 100, compatVersion = 99 (oldest = 44, newest = 100)
[LOG] Manager::receiveLiveUpdateBank           : Received live update bank path: fmod:///remote/C:/Users/Dave/AppData/Local/FMOD Studio/UnsavedProjects/Hotswap-MTjUdX/hotswap_21.bank
[LOG] ProfileRemoteFile::fileOpen              : Attemping to open remote file 'C:/Users/Dave/AppData/Local/FMOD Studio/UnsavedProjects/Hotswap-MTjUdX/hotswap_21.bank'
[LOG] Manager::readBank                        : fileversion = 100, compatVersion = 99 (oldest = 44, newest = 100)
[LOG] Manager::receiveLiveUpdateBank           : Received live update bank path: fmod:///remote/C:/Users/Dave/AppData/Local/FMOD Studio/UnsavedProjects/Hotswap-MTjUdX/hotswap_22.bank
[LOG] ProfileRemoteFile::fileOpen              : Attemping to open remote file 'C:/Users/Dave/AppData/Local/FMOD Studio/UnsavedProjects/Hotswap-MTjUdX/hotswap_22.bank'
[LOG] Manager::readBank                        : fileversion = 100, compatVersion = 99 (oldest = 44, newest = 100)
[LOG] Manager::receiveLiveUpdateBank           : Received live update bank path: fmod:///remote/C:/Users/Dave/AppData/Local/FMOD Studio/UnsavedProjects/Hotswap-MTjUdX/hotswap_23.bank
[LOG] ProfileRemoteFile::fileOpen              : Attemping to open remote file 'C:/Users/Dave/AppData/Local/FMOD Studio/UnsavedProjects/Hotswap-MTjUdX/hotswap_23.bank'
[LOG] Manager::readBank                        : fileversion = 100, compatVersion = 99 (oldest = 44, newest = 100)
[LOG] Manager::receiveLiveUpdateBank           : Received live update bank path: fmod:///remote/C:/Users/Dave/AppData/Local/FMOD Studio/UnsavedProjects/Hotswap-MTjUdX/hotswap_24.bank
[LOG] ProfileRemoteFile::fileOpen              : Attemping to open remote file 'C:/Users/Dave/AppData/Local/FMOD Studio/UnsavedProjects/Hotswap-MTjUdX/hotswap_24.bank'
[LOG] Manager::readBank                        : fileversion = 100, compatVersion = 99 (oldest = 44, newest = 100)
[LOG] Manager::receiveLiveUpdateBank           : Received live update bank path: fmod:///remote/C:/Users/Dave/AppData/Local/FMOD Studio/UnsavedProjects/Hotswap-MTjUdX/hotswap_25.bank
[LOG] ProfileRemoteFile::fileOpen              : Attemping to open remote file 'C:/Users/Dave/AppData/Local/FMOD Studio/UnsavedProjects/Hotswap-MTjUdX/hotswap_25.bank'
[LOG] Manager::readBank                        : fileversion = 100, compatVersion = 99 (oldest = 44, newest = 100)
[LOG] Manager::receiveLiveUpdateBank           : Received live update bank path: fmod:///remote/C:/Users/Dave/AppData/Local/FMOD Studio/UnsavedProjects/Hotswap-MTjUdX/hotswap_26.bank
[LOG] ProfileRemoteFile::fileOpen              : Attemping to open remote file 'C:/Users/Dave/AppData/Local/FMOD Studio/UnsavedProjects/Hotswap-MTjUdX/hotswap_26.bank'
[LOG] Manager::readBank                        : fileversion = 100, compatVersion = 99 (oldest = 44, newest = 100)
[LOG] Manager::receiveLiveUpdateBank           : Received live update bank path: fmod:///remote/C:/Users/Dave/AppData/Local/FMOD Studio/UnsavedProjects/Hotswap-MTjUdX/hotswap_27.bank
[LOG] ProfileRemoteFile::fileOpen              : Attemping to open remote file 'C:/Users/Dave/AppData/Local/FMOD Studio/UnsavedProjects/Hotswap-MTjUdX/hotswap_27.bank'
[LOG] Manager::readBank                        : fileversion = 100, compatVersion = 99 (oldest = 44, newest = 100)
[LOG] Manager::receiveLiveUpdateBank           : Received live update bank path: fmod:///remote/C:/Users/Dave/AppData/Local/FMOD Studio/UnsavedProjects/Hotswap-MTjUdX/hotswap_28.bank
[LOG] ProfileRemoteFile::fileOpen              : Attemping to open remote file 'C:/Users/Dave/AppData/Local/FMOD Studio/UnsavedProjects/Hotswap-MTjUdX/hotswap_28.bank'
[LOG] Manager::readBank                        : fileversion = 100, compatVersion = 99 (oldest = 44, newest = 100)
[LOG] Manager::receiveLiveUpdateBank           : Received live update bank path: fmod:///remote/C:/Users/Dave/AppData/Local/FMOD Studio/UnsavedProjects/Hotswap-MTjUdX/hotswap_29.bank
[LOG] ProfileRemoteFile::fileOpen              : Attemping to open remote file 'C:/Users/Dave/AppData/Local/FMOD Studio/UnsavedProjects/Hotswap-MTjUdX/hotswap_29.bank'
[LOG] Manager::readBank                        : fileversion = 100, compatVersion = 99 (oldest = 44, newest = 100)
[LOG] Manager::receiveLiveUpdateBank           : Received live update bank path: fmod:///remote/C:/Users/Dave/AppData/Local/FMOD Studio/UnsavedProjects/Hotswap-MTjUdX/hotswap_30.bank
[LOG] ProfileRemoteFile::fileOpen              : Attemping to open remote file 'C:/Users/Dave/AppData/Local/FMOD Studio/UnsavedProjects/Hotswap-MTjUdX/hotswap_30.bank'
[LOG] Manager::readBank                        : fileversion = 100, compatVersion = 99 (oldest = 44, newest = 100)
[LOG] Manager::receiveLiveUpdateBank           : Received live update bank path: fmod:///remote/C:/Users/Dave/AppData/Local/FMOD Studio/UnsavedProjects/Hotswap-MTjUdX/hotswap_31.bank
[LOG] ProfileRemoteFile::fileOpen              : Attemping to open remote file 'C:/Users/Dave/AppData/Local/FMOD Studio/UnsavedProjects/Hotswap-MTjUdX/hotswap_31.bank'
[LOG] Manager::readBank                        : fileversion = 100, compatVersion = 99 (oldest = 44, newest = 100)
[LOG] Manager::receiveLiveUpdateBank           : Received live update bank path: fmod:///remote/C:/Users/Dave/AppData/Local/FMOD Studio/UnsavedProjects/Hotswap-MTjUdX/hotswap_32.bank
[LOG] ProfileRemoteFile::fileOpen              : Attemping to open remote file 'C:/Users/Dave/AppData/Local/FMOD Studio/UnsavedProjects/Hotswap-MTjUdX/hotswap_32.bank'
[LOG] Manager::readBank                        : fileversion = 100, compatVersion = 99 (oldest = 44, newest = 100)
[LOG] Manager::receiveLiveUpdateBank           : Received live update bank path: fmod:///remote/C:/Users/Dave/AppData/Local/FMOD Studio/UnsavedProjects/Hotswap-MTjUdX/hotswap_33.bank
[LOG] ProfileRemoteFile::fileOpen              : Attemping to open remote file 'C:/Users/Dave/AppData/Local/FMOD Studio/UnsavedProjects/Hotswap-MTjUdX/hotswap_33.bank'
[LOG] Manager::readBank                        : fileversion = 100, compatVersion = 99 (oldest = 44, newest = 100)
[LOG] Manager::receiveLiveUpdateBank           : Received live update bank path: fmod:///remote/C:/Users/Dave/AppData/Local/FMOD Studio/UnsavedProjects/Hotswap-MTjUdX/hotswap_34.bank
[LOG] ProfileRemoteFile::fileOpen              : Attemping to open remote file 'C:/Users/Dave/AppData/Local/FMOD Studio/UnsavedProjects/Hotswap-MTjUdX/hotswap_34.bank'
[LOG] Manager::readBank                        : fileversion = 100, compatVersion = 99 (oldest = 44, newest = 100)
[LOG] Manager::receiveLiveUpdateBank           : Received live update bank path: fmod:///remote/C:/Users/Dave/AppData/Local/FMOD Studio/UnsavedProjects/Hotswap-MTjUdX/hotswap_35.bank
[LOG] ProfileRemoteFile::fileOpen              : Attemping to open remote file 'C:/Users/Dave/AppData/Local/FMOD Studio/UnsavedProjects/Hotswap-MTjUdX/hotswap_35.bank'
[LOG] Manager::readBank                        : fileversion = 100, compatVersion = 99 (oldest = 44, newest = 100)
[LOG] Manager::readBank                        : fileversion = 100, compatVersion = 99 (oldest = 44, newest = 100)
[LOG] Manager::readBank                        : fileversion = 100, compatVersion = 99 (oldest = 44, newest = 100)
[LOG] Manager::readBank                        : fileversion = 100, compatVersion = 99 (oldest = 44, newest = 100)
[LOG] Manager::readBank                        : fileversion = 100, compatVersion = 99 (oldest = 44, newest = 100)
[LOG] Manager::readBank                        : fileversion = 100, compatVersion = 99 (oldest = 44, newest = 100)
[LOG] SystemI::createSoundInternal             : Create name='', mode=0x02000202
[LOG] SystemI::createSoundInternal             : exinfo->cbsize             = 232
[LOG] SystemI::createSoundInternal             : exinfo->length             = 5262112
[LOG] SystemI::createSoundInternal             : exinfo->fileoffset         = 42048
[LOG] SystemI::createSoundInternal             : exinfo->numsubsounds       = 1
[LOG] SystemI::createSoundInternal             : exinfo->inclusionlist      = 000000006300F5FC
[LOG] SystemI::createSoundInternal             : exinfo->inclusionlistnum   = 1
[LOG] SystemI::createSoundInternal             : exinfo->suggestedsoundtype = 5
[LOG] SystemI::createSoundInternal             : exinfo->useropen           = 00007FF80325E4B0
[LOG] SystemI::createSoundInternal             : exinfo->userclose          = 00007FF80325E480
[LOG] SystemI::createSoundInternal             : exinfo->userread           = 00007FF80325E580
[LOG] SystemI::createSoundInternal             : exinfo->userseek           = 00007FF80325E640
[LOG] SystemI::createSoundInternal             : exinfo->fileuserdata       = 000000000C378168
[LOG] SystemI::createSoundInternal             : exinfo->initialseekpostype = 1
[LOG] SystemI::DSPCodecPoolRegister            : register codec pool for pool type 5
[LOG] SystemI::createSoundInternal             : Sample 0/1: name='Crumble_Powerdown', format=2, channels=2, frequency=48000, lengthbytes=64960, lengthpcm=252000, pcmblocksize=0, loopstart=0, loopend=0, mode=0x00000000, channelmask=0x00000000, channelorder=0, peakvolume=0.988525.
[LOG] Manager::readBank                        : fileversion = 100, compatVersion = 99 (oldest = 44, newest = 100)
[LOG] Manager::readBank                        : fileversion = 100, compatVersion = 99 (oldest = 44, newest = 100)
[LOG] Manager::readBank                        : fileversion = 100, compatVersion = 99 (oldest = 44, newest = 100)
[LOG] Manager::readBank                        : fileversion = 100, compatVersion = 99 (oldest = 44, newest = 100)
[LOG] Manager::readBank                        : fileversion = 100, compatVersion = 99 (oldest = 44, newest = 100)
[LOG] SystemI::createSound                     : filename = Assets\Audio\Desktop/Master Bank.bank : mode 02010082
[LOG] SystemI::createSound                     : FMOD_NONBLOCKING specified.  Putting into queue to be opened asynchronously!
[LOG] SystemI::createSound                     : setdata soundi = 0000000040FAACD8 : node = 0000000020FA59D0
[LOG] SystemI::createSound                     : add node to async list : head = 0000000057237F88.  list count = 0
[LOG] AsyncThread::threadFunc                  : Starting Asynchronous operation on sound 0000000040FAACD8
[LOG] SystemI::createSoundInternal             :     Create name='Assets\Audio\Desktop/Master Bank.bank', mode=0x02010082
[LOG] SystemI::createSoundInternal             :     exinfo->cbsize             = 232
[LOG] SystemI::createSoundInternal             :     exinfo->length             = 5262112
[LOG] SystemI::createSoundInternal             :     exinfo->fileoffset         = 42048
[LOG] SystemI::createSoundInternal             :     exinfo->numsubsounds       = 1
[LOG] SystemI::createSoundInternal             :     exinfo->inclusionlist      = 0000000020FA5AE8
[LOG] SystemI::createSoundInternal             :     exinfo->inclusionlistnum   = 1
[LOG] SystemI::createSoundInternal             :     exinfo->suggestedsoundtype = 5
[LOG] SystemI::createSoundInternal             :     exinfo->initialseekpostype = 1
[LOG] SystemI::createSoundInternal             :     Stream 0/1: name='Venturing Out_wvocals', format=2, channels=2, frequency=48000, lengthbytes=654272, lengthpcm=2560000, pcmblocksize=0, loopstart=0, loopend=0, mode=0x00000000, channelmask=0x00000000, channelorder=0, peakvolume=0.988495.
[LOG] AsyncThread::threadFunc                  : Finished Asynchronous operation on sound 0000000040FAACD8
[LOG] SoundI::getSubSound                      : sound 0000000040FAACD8.  Subsound index 0 / 1
[LOG] SoundI::release                          : Venturing Out_wvocals (0000000040FAB038)
[LOG] SoundI::release                          :     Venturing Out_wvocals (00000000576EF218)
[LOG] SoundI::release                          :     Venturing Out_wvocals (0000000040FAB1E8)
[LOG] SystemI::createSound                     : filename = Assets\Audio\Desktop/Master Bank.bank : mode 02010082
[LOG] SystemI::createSound                     : FMOD_NONBLOCKING specified.  Putting into queue to be opened asynchronously!
[LOG] SystemI::createSound                     : setdata soundi = 0000000040FA9A48 : node = 0000000020FA5490
[LOG] SystemI::createSound                     : add node to async list : head = 0000000057237F88.  list count = 0
[LOG] AsyncThread::threadFunc                  : Starting Asynchronous operation on sound 0000000040FA9A48
[LOG] SystemI::createSoundInternal             :     Create name='Assets\Audio\Desktop/Master Bank.bank', mode=0x02010082
[LOG] SystemI::createSoundInternal             :     exinfo->cbsize             = 232
[LOG] SystemI::createSoundInternal             :     exinfo->length             = 5262112
[LOG] SystemI::createSoundInternal             :     exinfo->fileoffset         = 42048
[LOG] SystemI::createSoundInternal             :     exinfo->numsubsounds       = 1
[LOG] SystemI::createSoundInternal             :     exinfo->inclusionlist      = 0000000020FA55A8
[LOG] SystemI::createSoundInternal             :     exinfo->inclusionlistnum   = 1
[LOG] SystemI::createSoundInternal             :     exinfo->suggestedsoundtype = 5
[LOG] SystemI::createSoundInternal             :     exinfo->initialseekpostype = 1
[LOG] SystemI::createSound                     :     filename = Assets\Audio\Desktop/Master Bank.bank : mode 02010082
[LOG] SystemI::createSound                     :     FMOD_NONBLOCKING specified.  Putting into queue to be opened asynchronously!
[LOG] SystemI::createSound                     :     setdata soundi = 0000000040FA9DA8 : node = 0000000020FA5F10
[LOG] SystemI::createSound                     :     add node to async list : head = 0000000057237F88.  list count = 0
[LOG] SystemI::createSoundInternal             :     Stream 0/1: name='Onreturn', format=2, channels=1, frequency=48000, lengthbytes=113024, lengthpcm=666505, pcmblocksize=0, loopstart=0, loopend=0, mode=0x00000000, channelmask=0x00000000, channelorder=0, peakvolume=0.178253.
[LOG] AsyncThread::threadFunc                  : Finished Asynchronous operation on sound 0000000040FA9A48
[LOG] AsyncThread::threadFunc                  : Starting Asynchronous operation on sound 0000000040FA9DA8
[LOG] SystemI::createSoundInternal             :     Create name='Assets\Audio\Desktop/Master Bank.bank', mode=0x02010082
[LOG] SystemI::createSoundInternal             :     exinfo->cbsize             = 232
[LOG] SystemI::createSoundInternal             :     exinfo->length             = 5262112
[LOG] SystemI::createSoundInternal             :     exinfo->fileoffset         = 42048
[LOG] SystemI::createSoundInternal             :     exinfo->numsubsounds       = 1
[LOG] SystemI::createSoundInternal             :     exinfo->inclusionlist      = 0000000020FA6028
[LOG] SystemI::createSoundInternal             :     exinfo->inclusionlistnum   = 1
[LOG] SystemI::createSoundInternal             :     exinfo->suggestedsoundtype = 5
[LOG] SystemI::createSoundInternal             :     exinfo->initialseekpostype = 1
[LOG] SystemI::createSoundInternal             :     Stream 0/1: name='ONreturn-2', format=2, channels=1, frequency=48000, lengthbytes=151776, lengthpcm=894989, pcmblocksize=0, loopstart=0, loopend=0, mode=0x00000000, channelmask=0x00000000, channelorder=0, peakvolume=0.167206.
[LOG] AsyncThread::threadFunc                  : Finished Asynchronous operation on sound 0000000040FA9DA8
[LOG] SoundI::getSubSound                      : sound 0000000040FA9A48.  Subsound index 0 / 1
[LOG] SoundI::getSubSound                      : sound 0000000040FA9DA8.  Subsound index 0 / 1
[LOG] Manager::readBank                        : fileversion = 100, compatVersion = 99 (oldest = 44, newest = 100)
[LOG] SoundI::release                          :  (00000000576BBF68)
[LOG] SoundI::release                          :     Crumble_Powerdown (00000000576F1918)
[LOG] SoundI::release                          : Venturing Out_wvocals (0000000040FAACD8)
[LOG] SoundI::release                          :     Venturing Out_wvocals (00000000576EF3B8)
[LOG] SoundI::release                          :     Venturing Out_wvocals (0000000040FA9538)
[LOG] SoundI::release                          : ONreturn-2 (0000000040FA9DA8)
[LOG] SoundI::release                          :     ONreturn-2 (00000000576F00B8)
[LOG] SoundI::release                          :     ONreturn-2 (0000000040FA9F58)
[LOG] SoundI::release                          : OpeningNarrative (0000000040FAAB28)
[LOG] SoundI::release                          :     OpeningNarrative (00000000576F08D8)
[LOG] SoundI::release                          :     OpeningNarrative (0000000040FA96E8)
[LOG] SoundI::release                          : Onreturn (0000000040FA9A48)
[LOG] SoundI::release                          :     Onreturn (00000000576F0A78)
[LOG] SoundI::release                          :     Onreturn (0000000040FAB038)
[LOG] SoundI::release                          :  (00000000576BBC88)
[LOG] SoundI::release                          :     Power_Take.2 (0000000057238998)
[LOG] SoundI::release                          :  (00000000576BD7D8)
[LOG] SoundI::release                          :     GrassFootstep2 (0000000057239018)
[LOG] SoundI::release                          :  (0000000056BEC928)
[LOG] SoundI::release                          :     GrassFootstep3 (00000000572387F8)
[LOG] SoundI::release                          :  (0000000056BEC4D8)
[LOG] SoundI::release                          :     GrassFootstep1 (0000000057238318)
[LOG] SoundI::release                          :  (0000000056BEBF18)
[LOG] SoundI::release                          :     Cloak_1 (00000000572391B8)
[LOG] SoundI::release                          :  (0000000056BEC368)
[LOG] SoundI::release                          :     Cloak_2 (0000000057237C98)
[LOG] SoundI::release                          :  (0000000056BEC7B8)
[LOG] SoundI::release                          :     Cloak_3 (00000000572384B8)
[LOG] SoundI::release                          :  (00000000576BCF38)
[LOG] SoundI::release                          :     Cloak_4 (0000000057238B38)
[LOG] SoundI::release                          :  (0000000056BEC648)
[LOG] SoundI::release                          :     Cloak_5 (0000000057238658)
[LOG] SoundI::release                          :  (0000000056BEC1F8)
[LOG] SoundI::release                          :     Cloak_6 (0000000057237958)
[LOG] SoundI::release                          :  (0000000056BEC088)
[LOG] SoundI::release                          :     Power_Give (0000000057238178)
[LOG] Thread::callback                         : FMOD Studio update thread finished.
[LOG] Thread::callback                         : FMOD Studio bank load thread finished.
[LOG] ProfileClient::markForDead               : Closing client connection
[LOG] Profile::disconnectAll                   : Profiler disconnecting all clients
[LOG] Thread::callback                         : FMOD profiler thread (send) finished.
[LOG] FMOD_OS_Net_Read                         : Interrupted.[ERR] ProfileClient::recvThreadLoopFunction    : Recv thread loop returned 16
[LOG] Thread::callback                         : FMOD profiler thread (recv) finished.
[LOG] Thread::callback                         : FMOD Studio sample load thread finished.
[LOG] LiveUpdate::release                      : 
[LOG] LiveUpdate::reset                        : Reset connection (reason Disconnected)
[LOG] Thread::callback                         : FMOD stream thread finished.
[LOG] Thread::callback                         : FMOD mixer thread finished.
[LOG] Profile::disconnectAll                   : Profiler disconnecting all clients
[LOG] SystemI::close                           : Closed.
