[LOG] System::create                           : Header version = 1.10.05. Current version = 1.10.05.
[LOG] SystemI::setOutputInternal               : Setting output to 'FMOD WASAPI Output'
[LOG] Manager::init                            : maxchannels = 1024 studioflags = 00000009 flags 00000000 extradriverdata 0000000000000000.
[LOG] SystemI::init                            : Initialize version=11005 (94661), maxchannels=1024, flags=0x00030000
[LOG] OutputWASAPI::init                       : Mix Format (WAVEFORMATEX): wFormatTag=0xFFFE, nChannels=2, nSamplesPerSec=48000, nAvgBytesPerSec=384000, nBlockAlign=8, wBitsPerSample=32, cbSize=22.
[LOG] OutputWASAPI::init                       : Mix Format (WAVEFORMATEXTENSIBLE): wValidBitsPerSample=32, dwChannelMask=0x00000003, SubFormat=00000003-0000-0010-8000-00AA00389B71.
[LOG] OutputWASAPI::init                       : Output buffer size: 4096 samples, latency: 0.00ms, period: 10.00ms, DSP buffer: 1024 * 4
[LOG] Thread::initThread                       : Init FMOD stream thread. Priority: 2, Stack Size: 65536, Semaphore: No, Sleep Time: 10, Looping: Yes.
[LOG] SystemI::DSPCodecPoolRegister            : register codec pool for pool type 5
[LOG] Thread::initThread                       : Init FMOD mixer thread. Priority: 3, Stack Size: 49152, Semaphore: No, Sleep Time: 0, Looping: Yes.
[LOG] AsyncManager::init                       : manager 000000007265BA38 isAsync 1 updatePeriod 0.02
[LOG] Thread::initThread                       : Init FMOD Studio update thread. Priority: 0, Stack Size: 65536, Semaphore: No, Sleep Time: 1, Looping: No.
[LOG] AsyncManager::init                       : done
[LOG] PlaybackSystem::init                     : 
[LOG] Thread::initThread                       : Init FMOD Studio sample load thread. Priority: 0, Stack Size: 65536, Semaphore: No, Sleep Time: 1, Looping: No.
[LOG] PlaybackSystem::init                     : done
[LOG] LiveUpdate::init                         : 
[LOG] Thread::initThread                       : Init FMOD Studio bank load thread. Priority: 0, Stack Size: 65536, Semaphore: No, Sleep Time: 1, Looping: No.
[LOG] Manager::init                            : done.
[LOG] Profile::init                            : Profiler listening on port: 9264
[LOG] Manager::readBank                        : fileversion = 100, compatVersion = 99 (oldest = 44, newest = 100)
[LOG] Manager::readBank                        : fileversion = 100, compatVersion = 99 (oldest = 44, newest = 100)
[LOG] PlaybackSystem::acquireMasterBus         : Setting master channel group format to 6
[LOG] SystemI::createSound                     : filename = Assets\Audio\Desktop/Master Bank.bank : mode 02010082
[LOG] SystemI::createSound                     : FMOD_NONBLOCKING specified.  Putting into queue to be opened asynchronously!
[LOG] Thread::initThread                       : Init FMOD nonblocking thread (0). Priority: 1, Stack Size: 81920, Semaphore: Yes, Sleep Time: 0, Looping: Yes.
[LOG] SystemI::createSound                     : setdata soundi = 000000006DC2C298 : node = 000000006813EC20
[LOG] SystemI::createSound                     : add node to async list : head = 000000005DCAA528.  list count = 0
[LOG] AsyncThread::threadFunc                  : Starting Asynchronous operation on sound 000000006DC2C298
[LOG] SystemI::createSoundInternal             :     Create name='Assets\Audio\Desktop/Master Bank.bank', mode=0x02010082
[LOG] SystemI::createSoundInternal             :     exinfo->cbsize             = 232
[LOG] SystemI::createSoundInternal             :     exinfo->length             = 5262112
[LOG] SystemI::createSoundInternal             :     exinfo->fileoffset         = 42048
[LOG] SystemI::createSoundInternal             :     exinfo->numsubsounds       = 1
[LOG] SystemI::createSoundInternal             :     exinfo->inclusionlist      = 000000006813ED38
[LOG] SystemI::createSoundInternal             :     exinfo->inclusionlistnum   = 1
[LOG] SystemI::createSoundInternal             :     exinfo->suggestedsoundtype = 5
[LOG] SystemI::createSoundInternal             :     exinfo->initialseekpostype = 1
[LOG] SystemI::createSoundInternal             :     Create name='', mode=0x02000202
[LOG] SystemI::createSoundInternal             :     exinfo->cbsize             = 232
[LOG] SystemI::createSoundInternal             :     exinfo->length             = 5262112
[LOG] SystemI::createSoundInternal             :     exinfo->fileoffset         = 42048
[LOG] SystemI::createSoundInternal             :     exinfo->numsubsounds       = 1
[LOG] SystemI::createSoundInternal             :     exinfo->inclusionlist      = 000000007859F5FC
[LOG] SystemI::createSoundInternal             :     exinfo->inclusionlistnum   = 1
[LOG] SystemI::createSoundInternal             :     exinfo->suggestedsoundtype = 5
[LOG] SystemI::createSoundInternal             :     exinfo->useropen           = 00007FFD9E1BE4B0
[LOG] SystemI::createSoundInternal             :     exinfo->userclose          = 00007FFD9E1BE480
[LOG] SystemI::createSoundInternal             :     exinfo->userread           = 00007FFD9E1BE580
[LOG] SystemI::createSoundInternal             :     exinfo->userseek           = 00007FFD9E1BE640
[LOG] SystemI::createSoundInternal             :     exinfo->fileuserdata       = 00000000672F8C78
[LOG] SystemI::createSoundInternal             :     exinfo->initialseekpostype = 1
[LOG] SystemI::DSPCodecPoolRegister            :     register codec pool for pool type 5
[LOG] SystemI::createSoundInternal             :     Stream 0/1: name='Venturing Out_wvocals', format=2, channels=2, frequency=48000, lengthbytes=654272, lengthpcm=2560000, pcmblocksize=0, loopstart=0, loopend=0, mode=0x00000000, channelmask=0x00000000, channelorder=0, peakvolume=0.988495.
[LOG] SystemI::createSoundInternal             :     Sample 0/1: name='Power_Give', format=2, channels=2, frequency=48000, lengthbytes=161440, lengthpcm=384000, pcmblocksize=0, loopstart=0, loopend=0, mode=0x00000000, channelmask=0x00000000, channelorder=0, peakvolume=0.988495.
[LOG] SystemI::createSoundInternal             :     Create name='', mode=0x02000202
[LOG] SystemI::createSoundInternal             :     exinfo->cbsize             = 232
[LOG] SystemI::createSoundInternal             :     exinfo->length             = 5262112
[LOG] SystemI::createSoundInternal             :     exinfo->fileoffset         = 42048
[LOG] SystemI::createSoundInternal             :     exinfo->numsubsounds       = 1
[LOG] SystemI::createSoundInternal             :     exinfo->inclusionlist      = 000000007859F5FC
[LOG] SystemI::createSoundInternal             :     exinfo->inclusionlistnum   = 1
[LOG] SystemI::createSoundInternal             :     exinfo->suggestedsoundtype = 5
[LOG] SystemI::createSoundInternal             :     exinfo->useropen           = 00007FFD9E1BE4B0
[LOG] SystemI::createSoundInternal             :     exinfo->userclose          = 00007FFD9E1BE480
[LOG] SystemI::createSoundInternal             :     exinfo->userread           = 00007FFD9E1BE580
[LOG] SystemI::createSoundInternal             :     exinfo->userseek           = 00007FFD9E1BE640
[LOG] SystemI::createSoundInternal             :     exinfo->fileuserdata       = 00000000672F8C78
[LOG] SystemI::createSoundInternal             :     exinfo->initialseekpostype = 1
[LOG] SystemI::DSPCodecPoolRegister            :     register codec pool for pool type 5
[LOG] SystemI::createSoundInternal             :     Sample 0/1: name='Cloak_1', format=2, channels=2, frequency=48000, lengthbytes=8512, lengthpcm=41999, pcmblocksize=0, loopstart=0, loopend=0, mode=0x00000000, channelmask=0x00000000, channelorder=0, peakvolume=0.988495.
[LOG] SystemI::createSoundInternal             :     Create name='', mode=0x02000202
[LOG] SystemI::createSoundInternal             :     exinfo->cbsize             = 232
[LOG] SystemI::createSoundInternal             :     exinfo->length             = 5262112
[LOG] SystemI::createSoundInternal             :     exinfo->fileoffset         = 42048
[LOG] SystemI::createSoundInternal             :     exinfo->numsubsounds       = 1
[LOG] SystemI::createSoundInternal             :     exinfo->inclusionlist      = 000000007859F5FC
[LOG] SystemI::createSoundInternal             :     exinfo->inclusionlistnum   = 1
[LOG] SystemI::createSoundInternal             :     exinfo->suggestedsoundtype = 5
[LOG] SystemI::createSoundInternal             :     exinfo->useropen           = 00007FFD9E1BE4B0
[LOG] SystemI::createSoundInternal             :     exinfo->userclose          = 00007FFD9E1BE480
[LOG] SystemI::createSoundInternal             :     exinfo->userread           = 00007FFD9E1BE580
[LOG] SystemI::createSoundInternal             :     exinfo->userseek           = 00007FFD9E1BE640
[LOG] SystemI::createSoundInternal             :     exinfo->fileuserdata       = 00000000672F8C78
[LOG] SystemI::createSoundInternal             :     exinfo->initialseekpostype = 1
[LOG] SystemI::DSPCodecPoolRegister            :     register codec pool for pool type 5
[LOG] SystemI::createSoundInternal             :     Sample 0/1: name='Cloak_3', format=2, channels=2, frequency=48000, lengthbytes=7712, lengthpcm=37999, pcmblocksize=0, loopstart=0, loopend=0, mode=0x00000000, channelmask=0x00000000, channelorder=0, peakvolume=0.692017.
[LOG] SystemI::createSoundInternal             :     Create name='', mode=0x02000202
[LOG] SystemI::createSoundInternal             :     exinfo->cbsize             = 232
[LOG] SystemI::createSoundInternal             :     exinfo->length             = 5262112
[LOG] SystemI::createSoundInternal             :     exinfo->fileoffset         = 42048
[LOG] SystemI::createSoundInternal             :     exinfo->numsubsounds       = 1
[LOG] SystemI::createSoundInternal             :     exinfo->inclusionlist      = 000000007859F5FC
[LOG] SystemI::createSoundInternal             :     exinfo->inclusionlistnum   = 1
[LOG] SystemI::createSoundInternal             :     exinfo->suggestedsoundtype = 5
[LOG] SystemI::createSoundInternal             :     exinfo->useropen           = 00007FFD9E1BE4B0
[LOG] SystemI::createSoundInternal             :     exinfo->userclose          = 00007FFD9E1BE480
[LOG] SystemI::createSoundInternal             :     exinfo->userread           = 00007FFD9E1BE580
[LOG] SystemI::createSoundInternal             :     exinfo->userseek           = 00007FFD9E1BE640
[LOG] SystemI::createSoundInternal             :     exinfo->fileuserdata       = 00000000672F8C78
[LOG] SystemI::createSoundInternal             :     exinfo->initialseekpostype = 1
[LOG] SystemI::DSPCodecPoolRegister            :     register codec pool for pool type 5
[LOG] SystemI::createSoundInternal             :     Sample 0/1: name='Cloak_6', format=2, channels=2, frequency=48000, lengthbytes=6208, lengthpcm=30999, pcmblocksize=0, loopstart=0, loopend=0, mode=0x00000000, channelmask=0x00000000, channelorder=0, peakvolume=0.704010.
[LOG] SystemI::createSoundInternal             :     Create name='', mode=0x02000202
[LOG] SystemI::createSoundInternal             :     exinfo->cbsize             = 232
[LOG] SystemI::createSoundInternal             :     exinfo->length             = 5262112
[LOG] SystemI::createSoundInternal             :     exinfo->fileoffset         = 42048
[LOG] SystemI::createSoundInternal             :     exinfo->numsubsounds       = 1
[LOG] SystemI::createSoundInternal             :     exinfo->inclusionlist      = 000000007859F5FC
[LOG] SystemI::createSoundInternal             :     exinfo->inclusionlistnum   = 1
[LOG] SystemI::createSoundInternal             :     exinfo->suggestedsoundtype = 5
[LOG] SystemI::createSoundInternal             :     exinfo->useropen           = 00007FFD9E1BE4B0
[LOG] SystemI::createSoundInternal             :     exinfo->userclose          = 00007FFD9E1BE480
[LOG] SystemI::createSoundInternal             :     exinfo->userread           = 00007FFD9E1BE580
[LOG] SystemI::createSoundInternal             :     exinfo->userseek           = 00007FFD9E1BE640
[LOG] SystemI::createSoundInternal             :     exinfo->fileuserdata       = 00000000672F8C78
[LOG] SystemI::createSoundInternal             :     exinfo->initialseekpostype = 1
[LOG] SystemI::DSPCodecPoolRegister            :     register codec pool for pool type 5
[LOG] SystemI::createSoundInternal             :     Sample 0/1: name='GrassFootstep1', format=2, channels=2, frequency=48000, lengthbytes=3520, lengthpcm=15431, pcmblocksize=0, loopstart=0, loopend=0, mode=0x00000000, channelmask=0x00000000, channelorder=0, peakvolume=0.595062.
[LOG] SystemI::createSoundInternal             :     Create name='', mode=0x02000202
[LOG] SystemI::createSoundInternal             :     exinfo->cbsize             = 232
[LOG] SystemI::createSoundInternal             :     exinfo->length             = 5262112
[LOG] SystemI::createSoundInternal             :     exinfo->fileoffset         = 42048
[LOG] SystemI::createSoundInternal             :     exinfo->numsubsounds       = 1
[LOG] SystemI::createSoundInternal             :     exinfo->inclusionlist      = 000000007859F5FC
[LOG] SystemI::createSoundInternal             :     exinfo->inclusionlistnum   = 1
[LOG] SystemI::createSoundInternal             :     exinfo->suggestedsoundtype = 5
[LOG] Thread::initThread                       :     Init FMOD file thread. Priority: 1, Stack Size: 16384, Semaphore: No, Sleep Time: 10, Looping: Yes.
[LOG] SystemI::createSoundInternal             :     exinfo->useropen           = 00007FFD9E1BE4B0
[LOG] SystemI::createSoundInternal             :     exinfo->userclose          = 00007FFD9E1BE480
[LOG] SystemI::createSoundInternal             :     exinfo->userread           = 00007FFD9E1BE580
[LOG] SystemI::createSoundInternal             :     exinfo->userseek           = 00007FFD9E1BE640
[LOG] SystemI::createSoundInternal             :     exinfo->fileuserdata       = 00000000672F8C78
[LOG] SystemI::createSoundInternal             :     exinfo->initialseekpostype = 1
[LOG] SystemI::DSPCodecPoolRegister            :     register codec pool for pool type 5
[LOG] SystemI::createSoundInternal             :     Sample 0/1: name='Cloak_2', format=2, channels=2, frequency=48000, lengthbytes=11264, lengthpcm=56000, pcmblocksize=0, loopstart=0, loopend=0, mode=0x00000000, channelmask=0x00000000, channelorder=0, peakvolume=0.988525.
[LOG] SystemI::createSoundInternal             :     Create name='', mode=0x02000202
[LOG] SystemI::createSoundInternal             :     exinfo->cbsize             = 232
[LOG] SystemI::createSoundInternal             :     exinfo->length             = 5262112
[LOG] SystemI::createSoundInternal             :     exinfo->fileoffset         = 42048
[LOG] SystemI::createSoundInternal             :     exinfo->numsubsounds       = 1
[LOG] SystemI::createSoundInternal             :     exinfo->inclusionlist      = 000000007859F5FC
[LOG] SystemI::createSoundInternal             :     exinfo->inclusionlistnum   = 1
[LOG] SystemI::createSoundInternal             :     exinfo->suggestedsoundtype = 5
[LOG] SystemI::createSoundInternal             :     exinfo->useropen           = 00007FFD9E1BE4B0
[LOG] SystemI::createSoundInternal             :     exinfo->userclose          = 00007FFD9E1BE480
[LOG] SystemI::createSoundInternal             :     exinfo->userread           = 00007FFD9E1BE580
[LOG] SystemI::createSoundInternal             :     exinfo->userseek           = 00007FFD9E1BE640
[LOG] SystemI::createSoundInternal             :     exinfo->fileuserdata       = 00000000672F8C78
[LOG] SystemI::createSoundInternal             :     exinfo->initialseekpostype = 1
[LOG] SystemI::DSPCodecPoolRegister            :     register codec pool for pool type 5
[LOG] SystemI::createSoundInternal             :     Sample 0/1: name='Cloak_5', format=2, channels=2, frequency=48000, lengthbytes=6848, lengthpcm=34000, pcmblocksize=0, loopstart=0, loopend=0, mode=0x00000000, channelmask=0x00000000, channelorder=0, peakvolume=0.854034.
[LOG] SystemI::createSoundInternal             :     Create name='', mode=0x02000202
[LOG] SystemI::createSoundInternal             :     exinfo->cbsize             = 232
[LOG] SystemI::createSoundInternal             :     exinfo->length             = 5262112
[LOG] SystemI::createSoundInternal             :     exinfo->fileoffset         = 42048
[LOG] SystemI::createSoundInternal             :     exinfo->numsubsounds       = 1
[LOG] SystemI::createSoundInternal             :     exinfo->inclusionlist      = 000000007859F5FC
[LOG] SystemI::createSoundInternal             :     exinfo->inclusionlistnum   = 1
[LOG] SystemI::createSoundInternal             :     exinfo->suggestedsoundtype = 5
[LOG] SystemI::createSoundInternal             :     exinfo->useropen           = 00007FFD9E1BE4B0
[LOG] SystemI::createSoundInternal             : exinfo->userclose          = 00007FFD9E1BE480
[LOG] AsyncThread::threadFunc                  : Finished Asynchronous operation on sound 000000006DC2C298
[LOG] SystemI::createSoundInternal             : exinfo->userread           = 00007FFD9E1BE580
[LOG] SystemI::createSoundInternal             : exinfo->userseek           = 00007FFD9E1BE640
[LOG] SystemI::createSoundInternal             : exinfo->fileuserdata       = 00000000672F8C78
[LOG] SystemI::createSoundInternal             : exinfo->initialseekpostype = 1
[LOG] SystemI::DSPCodecPoolRegister            : register codec pool for pool type 5
[LOG] SystemI::createSoundInternal             : Sample 0/1: name='GrassFootstep3', format=2, channels=2, frequency=48000, lengthbytes=4704, lengthpcm=22642, pcmblocksize=0, loopstart=0, loopend=0, mode=0x00000000, channelmask=0x00000000, channelorder=0, peakvolume=0.544647.
[LOG] SystemI::createSoundInternal             : Create name='', mode=0x02000202
[LOG] SystemI::createSoundInternal             : exinfo->cbsize             = 232
[LOG] SystemI::createSoundInternal             : exinfo->length             = 5262112
[LOG] SystemI::createSoundInternal             : exinfo->fileoffset         = 42048
[LOG] SystemI::createSoundInternal             : exinfo->numsubsounds       = 1
[LOG] SystemI::createSoundInternal             : exinfo->inclusionlist      = 000000007859F5FC
[LOG] SystemI::createSoundInternal             : exinfo->inclusionlistnum   = 1
[LOG] SystemI::createSoundInternal             : exinfo->suggestedsoundtype = 5
[LOG] SystemI::createSoundInternal             : exinfo->useropen           = 00007FFD9E1BE4B0
[LOG] SystemI::createSoundInternal             : exinfo->userclose          = 00007FFD9E1BE480
[LOG] SystemI::createSoundInternal             : exinfo->userread           = 00007FFD9E1BE580
[LOG] SystemI::createSoundInternal             : exinfo->userseek           = 00007FFD9E1BE640
[LOG] SystemI::createSoundInternal             : exinfo->fileuserdata       = 00000000672F8C78
[LOG] SystemI::createSoundInternal             : exinfo->initialseekpostype = 1
[LOG] SystemI::DSPCodecPoolRegister            : register codec pool for pool type 5
[LOG] SystemI::createSoundInternal             : Sample 0/1: name='GrassFootstep2', format=2, channels=2, frequency=48000, lengthbytes=4640, lengthpcm=22622, pcmblocksize=0, loopstart=0, loopend=0, mode=0x00000000, channelmask=0x00000000, channelorder=0, peakvolume=0.477966.
[LOG] SystemI::createSoundInternal             : Create name='', mode=0x02000202
[LOG] SystemI::createSoundInternal             : exinfo->cbsize             = 232
[LOG] SystemI::createSoundInternal             : exinfo->length             = 5262112
[LOG] SystemI::createSoundInternal             : exinfo->fileoffset         = 42048
[LOG] SystemI::createSoundInternal             : exinfo->numsubsounds       = 1
[LOG] SystemI::createSoundInternal             : exinfo->inclusionlist      = 000000007859F5FC
[LOG] SystemI::createSoundInternal             : exinfo->inclusionlistnum   = 1
[LOG] SystemI::createSoundInternal             : exinfo->suggestedsoundtype = 5
[LOG] SystemI::createSoundInternal             : exinfo->useropen           = 00007FFD9E1BE4B0
[LOG] SystemI::createSoundInternal             : exinfo->userclose          = 00007FFD9E1BE480
[LOG] SystemI::createSoundInternal             : exinfo->userread           = 00007FFD9E1BE580
[LOG] SystemI::createSoundInternal             : exinfo->userseek           = 00007FFD9E1BE640
[LOG] SystemI::createSoundInternal             : exinfo->fileuserdata       = 00000000672F8C78
[LOG] SystemI::createSoundInternal             : exinfo->initialseekpostype = 1
[LOG] SystemI::DSPCodecPoolRegister            : register codec pool for pool type 5
[LOG] SystemI::createSoundInternal             : Sample 0/1: name='Power_Take.2', format=2, channels=2, frequency=48000, lengthbytes=169728, lengthpcm=384000, pcmblocksize=0, loopstart=0, loopend=0, mode=0x00000000, channelmask=0x00000000, channelorder=0, peakvolume=0.988525.
[LOG] SystemI::createSoundInternal             : Create name='', mode=0x02000202
[LOG] SystemI::createSoundInternal             : exinfo->cbsize             = 232
[LOG] SystemI::createSoundInternal             : exinfo->length             = 5262112
[LOG] SystemI::createSoundInternal             : exinfo->fileoffset         = 42048
[LOG] SystemI::createSoundInternal             : exinfo->numsubsounds       = 1
[LOG] SystemI::createSoundInternal             : exinfo->inclusionlist      = 000000007859F5FC
[LOG] SystemI::createSoundInternal             : exinfo->inclusionlistnum   = 1
[LOG] SystemI::createSoundInternal             : exinfo->suggestedsoundtype = 5
[LOG] SystemI::createSoundInternal             : exinfo->useropen           = 00007FFD9E1BE4B0
[LOG] SystemI::createSoundInternal             : exinfo->userclose          = 00007FFD9E1BE480
[LOG] SystemI::createSoundInternal             : exinfo->userread           = 00007FFD9E1BE580
[LOG] SystemI::createSoundInternal             : exinfo->userseek           = 00007FFD9E1BE640
[LOG] SystemI::createSoundInternal             : exinfo->fileuserdata       = 00000000672F8C78
[LOG] SystemI::createSoundInternal             : exinfo->initialseekpostype = 1
[LOG] SystemI::DSPCodecPoolRegister            : register codec pool for pool type 5
[LOG] SystemI::createSoundInternal             : Sample 0/1: name='Cloak_4', format=2, channels=2, frequency=48000, lengthbytes=7680, lengthpcm=38000, pcmblocksize=0, loopstart=0, loopend=0, mode=0x00000000, channelmask=0x00000000, channelorder=0, peakvolume=0.988495.
[LOG] SoundI::getSubSound                      : sound 000000006DC2C298.  Subsound index 0 / 1
[LOG] SystemI::createSound                     : filename = Assets\Audio\Desktop/Master Bank.bank : mode 02010082
[LOG] SystemI::createSound                     : FMOD_NONBLOCKING specified.  Putting into queue to be opened asynchronously!
[LOG] SystemI::createSound                     : setdata soundi = 000000006DC2D888 : node = 000000000F3F6410
[LOG] SystemI::createSound                     : add node to async list : head = 000000005DCAA528.  list count = 0
[LOG] AsyncThread::threadFunc                  : Starting Asynchronous operation on sound 000000006DC2D888
[LOG] SystemI::createSoundInternal             :     Create name='Assets\Audio\Desktop/Master Bank.bank', mode=0x02010082
[LOG] SystemI::createSoundInternal             :     exinfo->cbsize             = 232
[LOG] SystemI::createSoundInternal             :     exinfo->length             = 5262112
[LOG] SystemI::createSoundInternal             :     exinfo->fileoffset         = 42048
[LOG] SystemI::createSoundInternal             :     exinfo->numsubsounds       = 1
[LOG] SystemI::createSoundInternal             :     exinfo->inclusionlist      = 000000000F3F6528
[LOG] SystemI::createSoundInternal             :     exinfo->inclusionlistnum   = 1
[LOG] SystemI::createSoundInternal             :     exinfo->suggestedsoundtype = 5
[LOG] SystemI::createSoundInternal             :     exinfo->initialseekpostype = 1
[LOG] SystemI::createSoundInternal             :     Stream 0/1: name='OpeningNarrative', format=2, channels=1, frequency=48000, lengthbytes=736576, lengthpcm=4448200, pcmblocksize=0, loopstart=0, loopend=0, mode=0x00000000, channelmask=0x00000000, channelorder=0, peakvolume=0.216034.
[LOG] AsyncThread::threadFunc                  : Finished Asynchronous operation on sound 000000006DC2D888
[LOG] SoundI::getSubSound                      : sound 000000006DC2D888.  Subsound index 0 / 1
[LOG] SystemI::createSoundInternal             : Create name='', mode=0x02000202
[LOG] SystemI::createSoundInternal             : exinfo->cbsize             = 232
[LOG] SystemI::createSoundInternal             : exinfo->length             = 5262112
[LOG] SystemI::createSoundInternal             : exinfo->fileoffset         = 42048
[LOG] SystemI::createSoundInternal             : exinfo->numsubsounds       = 1
[LOG] SystemI::createSoundInternal             : exinfo->inclusionlist      = 000000007859F5FC
[LOG] SystemI::createSoundInternal             : exinfo->inclusionlistnum   = 1
[LOG] SystemI::createSoundInternal             : exinfo->suggestedsoundtype = 5
[LOG] SystemI::createSoundInternal             : exinfo->useropen           = 00007FFD9E1BE4B0
[LOG] SystemI::createSoundInternal             : exinfo->userclose          = 00007FFD9E1BE480
[LOG] SystemI::createSoundInternal             : exinfo->userread           = 00007FFD9E1BE580
[LOG] SystemI::createSoundInternal             : exinfo->userseek           = 00007FFD9E1BE640
[LOG] SystemI::createSoundInternal             : exinfo->fileuserdata       = 0000000067EB9E08
[LOG] SystemI::createSoundInternal             : exinfo->initialseekpostype = 1
[LOG] SystemI::DSPCodecPoolRegister            : register codec pool for pool type 5
[LOG] SystemI::createSoundInternal             : Sample 0/1: name='Crumble_Powerdown', format=2, channels=2, frequency=48000, lengthbytes=64960, lengthpcm=252000, pcmblocksize=0, loopstart=0, loopend=0, mode=0x00000000, channelmask=0x00000000, channelorder=0, peakvolume=0.988525.
[LOG] SystemI::createSound                     : filename = Assets\Audio\Desktop/Master Bank.bank : mode 02010082
[LOG] SystemI::createSound                     : FMOD_NONBLOCKING specified.  Putting into queue to be opened asynchronously!
[LOG] SystemI::createSound                     : setdata soundi = 000000006DC2DBE8 : node = 000000006B479840
[LOG] SystemI::createSound                     : add node to async list : head = 000000005DCAA528.  list count = 0
[LOG] AsyncThread::threadFunc                  : Starting Asynchronous operation on sound 000000006DC2DBE8
[LOG] SystemI::createSoundInternal             :     Create name='Assets\Audio\Desktop/Master Bank.bank', mode=0x02010082
[LOG] SystemI::createSoundInternal             :     exinfo->cbsize             = 232
[LOG] SystemI::createSoundInternal             :     exinfo->length             = 5262112
[LOG] SystemI::createSoundInternal             :     exinfo->fileoffset         = 42048
[LOG] SystemI::createSoundInternal             :     exinfo->numsubsounds       = 1
[LOG] SystemI::createSoundInternal             :     exinfo->inclusionlist      = 000000006B479958
[LOG] SystemI::createSoundInternal             :     exinfo->inclusionlistnum   = 1
[LOG] SystemI::createSoundInternal             :     exinfo->suggestedsoundtype = 5
[LOG] SystemI::createSoundInternal             :     exinfo->initialseekpostype = 1
[LOG] SystemI::createSoundInternal             :     Stream 0/1: name='Venturing Out_wvocals', format=2, channels=2, frequency=48000, lengthbytes=654272, lengthpcm=2560000, pcmblocksize=0, loopstart=0, loopend=0, mode=0x00000000, channelmask=0x00000000, channelorder=0, peakvolume=0.988495.
[LOG] AsyncThread::threadFunc                  : Finished Asynchronous operation on sound 000000006DC2DBE8
[LOG] SoundI::getSubSound                      : sound 000000006DC2DBE8.  Subsound index 0 / 1
[LOG] SoundI::release                          : Venturing Out_wvocals (000000006DC2C298)
[LOG] SoundI::release                          :     Venturing Out_wvocals (000000005DCAA578)
[LOG] SoundI::release                          :     Venturing Out_wvocals (000000006DC2C5F8)
[LOG] SoundI::release                          : OpeningNarrative (000000006DC2D888)
[LOG] SoundI::release                          :     OpeningNarrative (000000005DCAB0D8)
[LOG] SoundI::release                          :     OpeningNarrative (000000006DC2D528)
[LOG] SystemI::createSound                     : filename = Assets\Audio\Desktop/Master Bank.bank : mode 02010082
[LOG] SystemI::createSound                     : FMOD_NONBLOCKING specified.  Putting into queue to be opened asynchronously!
[LOG] SystemI::createSound                     : setdata soundi = 000000006DC2CB08 : node = 000000006B479990
[LOG] SystemI::createSound                     : add node to async list : head = 000000005DCAA528.  list count = 0
[LOG] AsyncThread::threadFunc                  : Starting Asynchronous operation on sound 000000006DC2CB08
[LOG] SystemI::createSoundInternal             :     Create name='Assets\Audio\Desktop/Master Bank.bank', mode=0x02010082
[LOG] SystemI::createSoundInternal             :     exinfo->cbsize             = 232
[LOG] SystemI::createSoundInternal             :     exinfo->length             = 5262112
[LOG] SystemI::createSoundInternal             :     exinfo->fileoffset         = 42048
[LOG] SystemI::createSoundInternal             :     exinfo->numsubsounds       = 1
[LOG] SystemI::createSoundInternal             :     exinfo->inclusionlist      = 000000006B479AA8
[LOG] SystemI::createSoundInternal             :     exinfo->inclusionlistnum   = 1
[LOG] SystemI::createSoundInternal             :     exinfo->suggestedsoundtype = 5
[LOG] SystemI::createSoundInternal             :     exinfo->initialseekpostype = 1
[LOG] SystemI::createSoundInternal             :     Stream 0/1: name='ONreturn-2', format=2, channels=1, frequency=48000, lengthbytes=151776, lengthpcm=894989, pcmblocksize=0, loopstart=0, loopend=0, mode=0x00000000, channelmask=0x00000000, channelorder=0, peakvolume=0.167206.
[LOG] AsyncThread::threadFunc                  : Finished Asynchronous operation on sound 000000006DC2CB08
[LOG] SoundI::getSubSound                      : sound 000000006DC2CB08.  Subsound index 0 / 1
[LOG] SystemI::createSound                     : filename = Assets\Audio\Desktop/Master Bank.bank : mode 02010082
[LOG] SystemI::createSound                     : FMOD_NONBLOCKING specified.  Putting into queue to be opened asynchronously!
[LOG] SystemI::createSound                     : setdata soundi = 000000006DC2C7A8 : node = 000000006B4795A0
[LOG] SystemI::createSound                     : add node to async list : head = 000000005DCAA528.  list count = 0
[LOG] AsyncThread::threadFunc                  : Starting Asynchronous operation on sound 000000006DC2C7A8
[LOG] SystemI::createSoundInternal             :     Create name='Assets\Audio\Desktop/Master Bank.bank', mode=0x02010082
[LOG] SystemI::createSoundInternal             :     exinfo->cbsize             = 232
[LOG] SystemI::createSoundInternal             :     exinfo->length             = 5262112
[LOG] SystemI::createSoundInternal             :     exinfo->fileoffset         = 42048
[LOG] SystemI::createSoundInternal             :     exinfo->numsubsounds       = 1
[LOG] SystemI::createSoundInternal             :     exinfo->inclusionlist      = 000000006B4796B8
[LOG] SystemI::createSoundInternal             :     exinfo->inclusionlistnum   = 1
[LOG] SystemI::createSoundInternal             :     exinfo->suggestedsoundtype = 5
[LOG] SystemI::createSoundInternal             :     exinfo->initialseekpostype = 1
[LOG] SystemI::createSoundInternal             :     Stream 0/1: name='Venturing Out_wvocals', format=2, channels=2, frequency=48000, lengthbytes=654272, lengthpcm=2560000, pcmblocksize=0, loopstart=0, loopend=0, mode=0x00000000, channelmask=0x00000000, channelorder=0, peakvolume=0.988495.
[LOG] AsyncThread::threadFunc                  : Finished Asynchronous operation on sound 000000006DC2C7A8
[LOG] SoundI::getSubSound                      : sound 000000006DC2C7A8.  Subsound index 0 / 1
[LOG] SoundI::release                          : Venturing Out_wvocals (000000006DC2DBE8)
[LOG] SoundI::release                          :     Venturing Out_wvocals (000000005DCAB758)
[LOG] SoundI::release                          :     Venturing Out_wvocals (000000006DC2CCB8)
[LOG] SoundI::release                          : ONreturn-2 (000000006DC2CB08)
[LOG] SoundI::release                          :     ONreturn-2 (000000005DCAB0D8)
[LOG] SoundI::release                          :     ONreturn-2 (000000006DC2C5F8)
[LOG] SystemI::createSound                     : filename = Assets\Audio\Desktop/Master Bank.bank : mode 02010082
[LOG] SystemI::createSound                     : FMOD_NONBLOCKING specified.  Putting into queue to be opened asynchronously!
[LOG] SystemI::createSound                     : setdata soundi = 000000006DC2CB08 : node = 000000006B478DC0
[LOG] SystemI::createSound                     : add node to async list : head = 000000005DCAA528.  list count = 0
[LOG] AsyncThread::threadFunc                  : Starting Asynchronous operation on sound 000000006DC2CB08
[LOG] SystemI::createSoundInternal             :     Create name='Assets\Audio\Desktop/Master Bank.bank', mode=0x02010082
[LOG] SystemI::createSoundInternal             :     exinfo->cbsize             = 232
[LOG] SystemI::createSoundInternal             :     exinfo->length             = 5262112
[LOG] SystemI::createSoundInternal             :     exinfo->fileoffset         = 42048
[LOG] SystemI::createSoundInternal             :     exinfo->numsubsounds       = 1
[LOG] SystemI::createSoundInternal             :     exinfo->inclusionlist      = 000000006B478ED8
[LOG] SystemI::createSoundInternal             :     exinfo->inclusionlistnum   = 1
[LOG] SystemI::createSoundInternal             :     exinfo->suggestedsoundtype = 5
[LOG] SystemI::createSoundInternal             :     exinfo->initialseekpostype = 1
[LOG] SystemI::createSoundInternal             :     Stream 0/1: name='Venturing Out_wvocals', format=2, channels=2, frequency=48000, lengthbytes=654272, lengthpcm=2560000, pcmblocksize=0, loopstart=0, loopend=0, mode=0x00000000, channelmask=0x00000000, channelorder=0, peakvolume=0.988495.
[LOG] AsyncThread::threadFunc                  : Finished Asynchronous operation on sound 000000006DC2CB08
[LOG] SoundI::getSubSound                      : sound 000000006DC2CB08.  Subsound index 0 / 1
[LOG] SoundI::release                          : Venturing Out_wvocals (000000006DC2C7A8)
[LOG] SoundI::release                          :     Venturing Out_wvocals (000000005DCAA578)
[LOG] SoundI::release                          :     Venturing Out_wvocals (000000006DC2D1C8)
[LOG] SystemI::createSound                     : filename = Assets\Audio\Desktop/Master Bank.bank : mode 02010082
[LOG] SystemI::createSound                     : FMOD_NONBLOCKING specified.  Putting into queue to be opened asynchronously!
[LOG] SystemI::createSound                     : setdata soundi = 000000006DC2C298 : node = 000000006B479450
[LOG] SystemI::createSound                     : add node to async list : head = 000000005DCAA528.  list count = 0
[LOG] AsyncThread::threadFunc                  : Starting Asynchronous operation on sound 000000006DC2C298
[LOG] SystemI::createSoundInternal             :     Create name='Assets\Audio\Desktop/Master Bank.bank', mode=0x02010082
[LOG] SystemI::createSoundInternal             :     exinfo->cbsize             = 232
[LOG] SystemI::createSoundInternal             :     exinfo->length             = 5262112
[LOG] SystemI::createSoundInternal             :     exinfo->fileoffset         = 42048
[LOG] SystemI::createSoundInternal             :     exinfo->numsubsounds       = 1
[LOG] SystemI::createSoundInternal             :     exinfo->inclusionlist      = 000000006B479568
[LOG] SystemI::createSoundInternal             :     exinfo->inclusionlistnum   = 1
[LOG] SystemI::createSoundInternal             :     exinfo->suggestedsoundtype = 5
[LOG] SystemI::createSoundInternal             :     exinfo->initialseekpostype = 1
[LOG] SystemI::createSoundInternal             :     Stream 0/1: name='ONreturn-2', format=2, channels=1, frequency=48000, lengthbytes=151776, lengthpcm=894989, pcmblocksize=0, loopstart=0, loopend=0, mode=0x00000000, channelmask=0x00000000, channelorder=0, peakvolume=0.167206.
[LOG] AsyncThread::threadFunc                  : Finished Asynchronous operation on sound 000000006DC2C298
[LOG] SoundI::getSubSound                      : sound 000000006DC2C298.  Subsound index 0 / 1
[LOG] SystemI::createSound                     : filename = Assets\Audio\Desktop/Master Bank.bank : mode 02010082
[LOG] SystemI::createSound                     : FMOD_NONBLOCKING specified.  Putting into queue to be opened asynchronously!
[LOG] SystemI::createSound                     : setdata soundi = 000000006DC2DBE8 : node = 000000006B479060
[LOG] SystemI::createSound                     : add node to async list : head = 000000005DCAA528.  list count = 0
[LOG] AsyncThread::threadFunc                  : Starting Asynchronous operation on sound 000000006DC2DBE8
[LOG] SystemI::createSoundInternal             :     Create name='Assets\Audio\Desktop/Master Bank.bank', mode=0x02010082
[LOG] SystemI::createSoundInternal             :     exinfo->cbsize             = 232
[LOG] SystemI::createSoundInternal             :     exinfo->length             = 5262112
[LOG] SystemI::createSoundInternal             :     exinfo->fileoffset         = 42048
[LOG] SystemI::createSoundInternal             :     exinfo->numsubsounds       = 1
[LOG] SystemI::createSoundInternal             :     exinfo->inclusionlist      = 000000006B479178
[LOG] SystemI::createSoundInternal             :     exinfo->inclusionlistnum   = 1
[LOG] SystemI::createSoundInternal             :     exinfo->suggestedsoundtype = 5
[LOG] SystemI::createSoundInternal             :     exinfo->initialseekpostype = 1
[LOG] SystemI::createSoundInternal             :     Stream 0/1: name='Venturing Out_wvocals', format=2, channels=2, frequency=48000, lengthbytes=654272, lengthpcm=2560000, pcmblocksize=0, loopstart=0, loopend=0, mode=0x00000000, channelmask=0x00000000, channelorder=0, peakvolume=0.988495.
[LOG] AsyncThread::threadFunc                  : Finished Asynchronous operation on sound 000000006DC2DBE8
[LOG] SoundI::getSubSound                      : sound 000000006DC2DBE8.  Subsound index 0 / 1
[LOG] SoundI::release                          : Venturing Out_wvocals (000000006DC2CB08)
[LOG] SoundI::release                          :     Venturing Out_wvocals (000000005DCAB758)
[LOG] SoundI::release                          :     Venturing Out_wvocals (000000006DC2D6D8)
